<?xml version="1.0" encoding="UTF-8"?>
<!-- Generated by org.testng.reporters.JUnitReportReporter -->
<testsuite hostname="Mithun" failures="0" tests="3" name="com.CRM.qa.testcases.LoginClasstest" time="48.282" errors="0" timestamp="17 Oct 2020 13:19:19 GMT" skipped="0">
  <testcase classname="com.CRM.qa.testcases.LoginClasstest" name="loginpagetitle" time="12.212"/>
  <testcase classname="com.CRM.qa.testcases.LoginClasstest" name="CRMlogotest" time="12.887"/>
  <testcase classname="com.CRM.qa.testcases.LoginClasstest" name="logintest" time="23.183"/>
</testsuite> <!-- com.CRM.qa.testcases.LoginClasstest -->
