<?xml version="1.0" encoding="UTF-8"?>
<!-- Generated by org.testng.reporters.JUnitReportReporter -->
<testsuite hostname="Mithun" failures="0" tests="3" name="com.CRM.qa.testcases.Homepagetest" time="65.863" errors="0" timestamp="17 Oct 2020 13:19:19 GMT" skipped="0">
  <testcase classname="com.CRM.qa.testcases.Homepagetest" name="verifyhomepagetitletest" time="24.974"/>
  <testcase classname="com.CRM.qa.testcases.Homepagetest" name="verifyusernametest" time="18.928"/>
  <testcase classname="com.CRM.qa.testcases.Homepagetest" name="verifycontactslinktest" time="21.961"/>
</testsuite> <!-- com.CRM.qa.testcases.Homepagetest -->
