<?xml version="1.0" encoding="UTF-8"?>
<!-- Generated by org.testng.reporters.JUnitReportReporter -->
<testsuite hostname="Mithun" failures="0" tests="3" name="com.CRM.qa.testcases.Homepagetest" time="63.205" errors="0" timestamp="18 Oct 2020 08:08:06 GMT" skipped="0">
  <testcase classname="com.CRM.qa.testcases.Homepagetest" name="verifyhomepagetitletest" time="19.203"/>
  <testcase classname="com.CRM.qa.testcases.Homepagetest" name="verifyusernametest" time="19.204"/>
  <testcase classname="com.CRM.qa.testcases.Homepagetest" name="verifycontactslinktest" time="24.798"/>
</testsuite> <!-- com.CRM.qa.testcases.Homepagetest -->
