<?xml version="1.0" encoding="UTF-8"?>
<!-- Generated by org.testng.reporters.JUnitReportReporter -->
<testsuite hostname="Mithun" failures="0" tests="4" name="com.CRM.qa.testcases.Contactspagetest" time="88.601" errors="0" timestamp="18 Oct 2020 08:08:06 GMT" skipped="1">
  <testcase classname="com.CRM.qa.testcases.Contactspagetest" name="verifycontactslabeltest" time="21.291"/>
  <testcase classname="com.CRM.qa.testcases.Contactspagetest" name="selectsinglecontactstest" time="25.894"/>
  <testcase classname="com.CRM.qa.testcases.Contactspagetest" name="selectmultiplecontactstest" time="41.416"/>
  <testcase classname="com.CRM.qa.testcases.Contactspagetest" name="validatecreatenewcontact" time="0.000">
    <skipped/>
  </testcase> <!-- validatecreatenewcontact -->
</testsuite> <!-- com.CRM.qa.testcases.Contactspagetest -->
