<?xml version="1.0" encoding="UTF-8"?>
<!-- Generated by org.testng.reporters.JUnitReportReporter -->
<testsuite hostname="Mithun" failures="0" tests="3" name="com.CRM.qa.testcases.LoginClasstest" time="48.995" errors="0" timestamp="18 Oct 2020 08:08:06 GMT" skipped="0">
  <testcase classname="com.CRM.qa.testcases.LoginClasstest" name="loginpagetitle" time="11.660"/>
  <testcase classname="com.CRM.qa.testcases.LoginClasstest" name="CRMlogotest" time="15.735"/>
  <testcase classname="com.CRM.qa.testcases.LoginClasstest" name="logintest" time="21.600"/>
</testsuite> <!-- com.CRM.qa.testcases.LoginClasstest -->
